# JRE version: Java(TM) SE Runtime Environment (8.0_202-b08) (build 1.8.0_202-b08)
# Java VM: Java HotSpot(TM) 64-Bit Server VM (25.202-b08 mixed mode windows-amd64 compressed oops)
Heap:
 PSYoungGen      total 140288K, used 91840K [0x0000000780000000, 0x000000078a400000, 0x00000007c0000000)
  eden space 125440K, 73% used [0x0000000780000000,0x00000007859b0098,0x0000000787a80000)
  from space 14848K, 0% used [0x0000000789580000,0x0000000789580000,0x000000078a400000)
  to   space 10752K, 0% used [0x0000000787a80000,0x0000000787a80000,0x0000000788500000)
 ParOldGen       total 106496K, used 15227K [0x0000000700000000, 0x0000000706800000, 0x0000000780000000)
  object space 106496K, 14% used [0x0000000700000000,0x0000000700edec88,0x0000000706800000)
 Metaspace       used 40810K, capacity 41460K, committed 41600K, reserved 1085440K
  class space    used 5779K, capacity 5981K, committed 6016K, reserved 1048576K
GC Heap History (10 events):
Event: 1.807 GC heap before
{Heap before GC invocations=4 (full 1):
 PSYoungGen      total 75264K, used 9600K [0x0000000780000000, 0x0000000789300000, 0x00000007c0000000)
  eden space 64512K, 0% used [0x0000000780000000,0x0000000780000000,0x0000000783f00000)
  from space 10752K, 89% used [0x0000000783f00000,0x00000007848603b0,0x0000000784980000)
  to   space 10752K, 0% used [0x0000000788880000,0x0000000788880000,0x0000000789300000)
 ParOldGen       total 172032K, used 40K [0x0000000700000000, 0x000000070a800000, 0x0000000780000000)
  object space 172032K, 0% used [0x0000000700000000,0x000000070000a000,0x000000070a800000)
 Metaspace       used 20870K, capacity 21112K, committed 21296K, reserved 1067008K
  class space    used 3002K, capacity 3105K, committed 3200K, reserved 1048576K
Event: 1.827 GC heap after
Heap after GC invocations=4 (full 1):
 PSYoungGen      total 75264K, used 0K [0x0000000780000000, 0x0000000789300000, 0x00000007c0000000)
  eden space 64512K, 0% used [0x0000000780000000,0x0000000780000000,0x0000000783f00000)
  from space 10752K, 0% used [0x0000000783f00000,0x0000000783f00000,0x0000000784980000)
  to   space 10752K, 0% used [0x0000000788880000,0x0000000788880000,0x0000000789300000)
 ParOldGen       total 106496K, used 9188K [0x0000000700000000, 0x0000000706800000, 0x0000000780000000)
  object space 106496K, 8% used [0x0000000700000000,0x00000007008f9050,0x0000000706800000)
 Metaspace       used 20870K, capacity 21112K, committed 21296K, reserved 1067008K
  class space    used 3002K, capacity 3105K, committed 3200K, reserved 1048576K
}
Event: 2.319 GC heap before
{Heap before GC invocations=5 (full 1):
 PSYoungGen      total 75264K, used 64512K [0x0000000780000000, 0x0000000789300000, 0x00000007c0000000)
  eden space 64512K, 100% used [0x0000000780000000,0x0000000783f00000,0x0000000783f00000)
  from space 10752K, 0% used [0x0000000783f00000,0x0000000783f00000,0x0000000784980000)
  to   space 10752K, 0% used [0x0000000788880000,0x0000000788880000,0x0000000789300000)
 ParOldGen       total 106496K, used 9188K [0x0000000700000000, 0x0000000706800000, 0x0000000780000000)
  object space 106496K, 8% used [0x0000000700000000,0x00000007008f9050,0x0000000706800000)
 Metaspace       used 26449K, capacity 26774K, committed 26880K, reserved 1073152K
  class space    used 3702K, capacity 3835K, committed 3840K, reserved 1048576K
Event: 2.323 GC heap after
Heap after GC invocations=5 (full 1):
 PSYoungGen      total 102400K, used 7113K [0x0000000780000000, 0x0000000788f80000, 0x00000007c0000000)
  eden space 95232K, 0% used [0x0000000780000000,0x0000000780000000,0x0000000785d00000)
  from space 7168K, 99% used [0x0000000788880000,0x0000000788f72720,0x0000000788f80000)
  to   space 10752K, 0% used [0x0000000787a80000,0x0000000787a80000,0x0000000788500000)
 ParOldGen       total 106496K, used 9196K [0x0000000700000000, 0x0000000706800000, 0x0000000780000000)
  object space 106496K, 8% used [0x0000000700000000,0x00000007008fb050,0x0000000706800000)
 Metaspace       used 26449K, capacity 26774K, committed 26880K, reserved 1073152K
  class space    used 3702K, capacity 3835K, committed 3840K, reserved 1048576K
}
Event: 3.426 GC heap before
{Heap before GC invocations=6 (full 1):
 PSYoungGen      total 102400K, used 102345K [0x0000000780000000, 0x0000000788f80000, 0x00000007c0000000)
  eden space 95232K, 100% used [0x0000000780000000,0x0000000785d00000,0x0000000785d00000)
  from space 7168K, 99% used [0x0000000788880000,0x0000000788f72720,0x0000000788f80000)
  to   space 10752K, 0% used [0x0000000787a80000,0x0000000787a80000,0x0000000788500000)
 ParOldGen       total 106496K, used 9196K [0x0000000700000000, 0x0000000706800000, 0x0000000780000000)
  object space 106496K, 8% used [0x0000000700000000,0x00000007008fb050,0x0000000706800000)
 Metaspace       used 34376K, capacity 34962K, committed 35200K, reserved 1079296K
  class space    used 4795K, capacity 4973K, committed 4992K, reserved 1048576K
Event: 3.433 GC heap after
Heap after GC invocations=6 (full 1):
 PSYoungGen      total 136192K, used 10723K [0x0000000780000000, 0x000000078a400000, 0x00000007c0000000)
  eden space 125440K, 0% used [0x0000000780000000,0x0000000780000000,0x0000000787a80000)
  from space 10752K, 99% used [0x0000000787a80000,0x00000007884f8c80,0x0000000788500000)
  to   space 14848K, 0% used [0x0000000789580000,0x0000000789580000,0x000000078a400000)
 ParOldGen       total 106496K, used 12162K [0x0000000700000000, 0x0000000706800000, 0x0000000780000000)
  object space 106496K, 11% used [0x0000000700000000,0x0000000700be0b20,0x0000000706800000)
 Metaspace       used 34376K, capacity 34962K, committed 35200K, reserved 1079296K
  class space    used 4795K, capacity 4973K, committed 4992K, reserved 1048576K
}
Event: 3.793 GC heap before
{Heap before GC invocations=7 (full 1):
 PSYoungGen      total 136192K, used 22027K [0x0000000780000000, 0x000000078a400000, 0x00000007c0000000)
  eden space 125440K, 9% used [0x0000000780000000,0x0000000780b0a180,0x0000000787a80000)
  from space 10752K, 99% used [0x0000000787a80000,0x00000007884f8c80,0x0000000788500000)
  to   space 14848K, 0% used [0x0000000789580000,0x0000000789580000,0x000000078a400000)
 ParOldGen       total 106496K, used 12162K [0x0000000700000000, 0x0000000706800000, 0x0000000780000000)
  object space 106496K, 11% used [0x0000000700000000,0x0000000700be0b20,0x0000000706800000)
 Metaspace       used 34838K, capacity 35282K, committed 35496K, reserved 1079296K
  class space    used 4864K, capacity 5037K, committed 5120K, reserved 1048576K
Event: 3.797 GC heap after
Heap after GC invocations=7 (full 1):
 PSYoungGen      total 140288K, used 8588K [0x0000000780000000, 0x000000078a400000, 0x00000007c0000000)
  eden space 125440K, 0% used [0x0000000780000000,0x0000000780000000,0x0000000787a80000)
  from space 14848K, 57% used [0x0000000789580000,0x0000000789de3278,0x000000078a400000)
  to   space 10752K, 0% used [0x0000000787a80000,0x0000000787a80000,0x0000000788500000)
 ParOldGen       total 106496K, used 12170K [0x0000000700000000, 0x0000000706800000, 0x0000000780000000)
  object space 106496K, 11% used [0x0000000700000000,0x0000000700be2b20,0x0000000706800000)
 Metaspace       used 34838K, capacity 35282K, committed 35496K, reserved 1079296K
  class space    used 4864K, capacity 5037K, committed 5120K, reserved 1048576K
}
Event: 3.797 GC heap before
{Heap before GC invocations=8 (full 2):
 PSYoungGen      total 140288K, used 8588K [0x0000000780000000, 0x000000078a400000, 0x00000007c0000000)
  eden space 125440K, 0% used [0x0000000780000000,0x0000000780000000,0x0000000787a80000)
  from space 14848K, 57% used [0x0000000789580000,0x0000000789de3278,0x000000078a400000)
  to   space 10752K, 0% used [0x0000000787a80000,0x0000000787a80000,0x0000000788500000)
 ParOldGen       total 106496K, used 12170K [0x0000000700000000, 0x0000000706800000, 0x0000000780000000)
  object space 106496K, 11% used [0x0000000700000000,0x0000000700be2b20,0x0000000706800000)
 Metaspace       used 34838K, capacity 35282K, committed 35496K, reserved 1079296K
  class space    used 4864K, capacity 5037K, committed 5120K, reserved 1048576K
Event: 3.833 GC heap after
Heap after GC invocations=8 (full 2):
 PSYoungGen      total 140288K, used 0K [0x0000000780000000, 0x000000078a400000, 0x00000007c0000000)
  eden space 125440K, 0% used [0x0000000780000000,0x0000000780000000,0x0000000787a80000)
  from space 14848K, 0% used [0x0000000789580000,0x0000000789580000,0x000000078a400000)
  to   space 10752K, 0% used [0x0000000787a80000,0x0000000787a80000,0x0000000788500000)
 ParOldGen       total 106496K, used 15227K [0x0000000700000000, 0x0000000706800000, 0x0000000780000000)
  object space 106496K, 14% used [0x0000000700000000,0x0000000700edec88,0x0000000706800000)
 Metaspace       used 34838K, capacity 35282K, committed 35496K, reserved 1079296K
  class space    used 4864K, capacity 5037K, committed 5120K, reserved 1048576K
}

