# JRE version: Java(TM) SE Runtime Environment (8.0_202-b08) (build 1.8.0_202-b08)
# Java VM: Java HotSpot(TM) 64-Bit Server VM (25.202-b08 mixed mode windows-amd64 compressed oops)
Heap:
 PSYoungGen      total 99840K, used 84340K [0x0000000780000000, 0x0000000788800000, 0x00000007c0000000)
  eden space 87552K, 88% used [0x0000000780000000,0x0000000784bb0aa8,0x0000000785580000)
  from space 12288K, 55% used [0x0000000785580000,0x0000000785c2c600,0x0000000786180000)
  to   space 12288K, 0% used [0x0000000787c00000,0x0000000787c00000,0x0000000788800000)
 ParOldGen       total 114176K, used 17530K [0x0000000700000000, 0x0000000706f80000, 0x0000000780000000)
  object space 114176K, 15% used [0x0000000700000000,0x000000070111e850,0x0000000706f80000)
 Metaspace       used 42616K, capacity 43448K, committed 43776K, reserved 1087488K
  class space    used 6063K, capacity 6327K, committed 6400K, reserved 1048576K
GC Heap History (10 events):
Event: 1.924 GC heap before
{Heap before GC invocations=5 (full 1):
 PSYoungGen      total 75264K, used 64512K [0x0000000780000000, 0x0000000785400000, 0x00000007c0000000)
  eden space 64512K, 100% used [0x0000000780000000,0x0000000783f00000,0x0000000783f00000)
  from space 10752K, 0% used [0x0000000783f00000,0x0000000783f00000,0x0000000784980000)
  to   space 10752K, 0% used [0x0000000784980000,0x0000000784980000,0x0000000785400000)
 ParOldGen       total 114176K, used 9188K [0x0000000700000000, 0x0000000706f80000, 0x0000000780000000)
  object space 114176K, 8% used [0x0000000700000000,0x00000007008f9078,0x0000000706f80000)
 Metaspace       used 26408K, capacity 26742K, committed 26880K, reserved 1073152K
  class space    used 3676K, capacity 3803K, committed 3840K, reserved 1048576K
Event: 1.927 GC heap after
Heap after GC invocations=5 (full 1):
 PSYoungGen      total 75264K, used 6988K [0x0000000780000000, 0x0000000786b80000, 0x00000007c0000000)
  eden space 64512K, 0% used [0x0000000780000000,0x0000000780000000,0x0000000783f00000)
  from space 10752K, 64% used [0x0000000784980000,0x00000007850532f8,0x0000000785400000)
  to   space 10752K, 0% used [0x0000000783f00000,0x0000000783f00000,0x0000000784980000)
 ParOldGen       total 114176K, used 9196K [0x0000000700000000, 0x0000000706f80000, 0x0000000780000000)
  object space 114176K, 8% used [0x0000000700000000,0x00000007008fb078,0x0000000706f80000)
 Metaspace       used 26408K, capacity 26742K, committed 26880K, reserved 1073152K
  class space    used 3676K, capacity 3803K, committed 3840K, reserved 1048576K
}
Event: 2.175 GC heap before
{Heap before GC invocations=6 (full 1):
 PSYoungGen      total 75264K, used 71500K [0x0000000780000000, 0x0000000786b80000, 0x00000007c0000000)
  eden space 64512K, 100% used [0x0000000780000000,0x0000000783f00000,0x0000000783f00000)
  from space 10752K, 64% used [0x0000000784980000,0x00000007850532f8,0x0000000785400000)
  to   space 10752K, 0% used [0x0000000783f00000,0x0000000783f00000,0x0000000784980000)
 ParOldGen       total 114176K, used 9196K [0x0000000700000000, 0x0000000706f80000, 0x0000000780000000)
  object space 114176K, 8% used [0x0000000700000000,0x00000007008fb078,0x0000000706f80000)
 Metaspace       used 29641K, capacity 30044K, committed 30336K, reserved 1075200K
  class space    used 4230K, capacity 4412K, committed 4480K, reserved 1048576K
Event: 2.177 GC heap after
Heap after GC invocations=6 (full 1):
 PSYoungGen      total 75264K, used 8448K [0x0000000780000000, 0x0000000786c80000, 0x00000007c0000000)
  eden space 64512K, 0% used [0x0000000780000000,0x0000000780000000,0x0000000783f00000)
  from space 10752K, 78% used [0x0000000783f00000,0x0000000784740178,0x0000000784980000)
  to   space 11264K, 0% used [0x0000000786180000,0x0000000786180000,0x0000000786c80000)
 ParOldGen       total 114176K, used 9204K [0x0000000700000000, 0x0000000706f80000, 0x0000000780000000)
  object space 114176K, 8% used [0x0000000700000000,0x00000007008fd078,0x0000000706f80000)
 Metaspace       used 29641K, capacity 30044K, committed 30336K, reserved 1075200K
  class space    used 4230K, capacity 4412K, committed 4480K, reserved 1048576K
}
Event: 2.987 GC heap before
{Heap before GC invocations=7 (full 1):
 PSYoungGen      total 75264K, used 51156K [0x0000000780000000, 0x0000000786c80000, 0x00000007c0000000)
  eden space 64512K, 66% used [0x0000000780000000,0x00000007829b4eb8,0x0000000783f00000)
  from space 10752K, 78% used [0x0000000783f00000,0x0000000784740178,0x0000000784980000)
  to   space 11264K, 0% used [0x0000000786180000,0x0000000786180000,0x0000000786c80000)
 ParOldGen       total 114176K, used 9204K [0x0000000700000000, 0x0000000706f80000, 0x0000000780000000)
  object space 114176K, 8% used [0x0000000700000000,0x00000007008fd078,0x0000000706f80000)
 Metaspace       used 34766K, capacity 35388K, committed 35496K, reserved 1079296K
  class space    used 4908K, capacity 5090K, committed 5120K, reserved 1048576K
Event: 2.993 GC heap after
Heap after GC invocations=7 (full 1):
 PSYoungGen      total 98816K, used 11085K [0x0000000780000000, 0x0000000786d80000, 0x00000007c0000000)
  eden space 87552K, 0% used [0x0000000780000000,0x0000000780000000,0x0000000785580000)
  from space 11264K, 98% used [0x0000000786180000,0x0000000786c53568,0x0000000786c80000)
  to   space 12288K, 0% used [0x0000000785580000,0x0000000785580000,0x0000000786180000)
 ParOldGen       total 114176K, used 9212K [0x0000000700000000, 0x0000000706f80000, 0x0000000780000000)
  object space 114176K, 8% used [0x0000000700000000,0x00000007008ff078,0x0000000706f80000)
 Metaspace       used 34766K, capacity 35388K, committed 35496K, reserved 1079296K
  class space    used 4908K, capacity 5090K, committed 5120K, reserved 1048576K
}
Event: 2.993 GC heap before
{Heap before GC invocations=8 (full 2):
 PSYoungGen      total 98816K, used 11085K [0x0000000780000000, 0x0000000786d80000, 0x00000007c0000000)
  eden space 87552K, 0% used [0x0000000780000000,0x0000000780000000,0x0000000785580000)
  from space 11264K, 98% used [0x0000000786180000,0x0000000786c53568,0x0000000786c80000)
  to   space 12288K, 0% used [0x0000000785580000,0x0000000785580000,0x0000000786180000)
 ParOldGen       total 114176K, used 9212K [0x0000000700000000, 0x0000000706f80000, 0x0000000780000000)
  object space 114176K, 8% used [0x0000000700000000,0x00000007008ff078,0x0000000706f80000)
 Metaspace       used 34766K, capacity 35388K, committed 35496K, reserved 1079296K
  class space    used 4908K, capacity 5090K, committed 5120K, reserved 1048576K
Event: 3.027 GC heap after
Heap after GC invocations=8 (full 2):
 PSYoungGen      total 98816K, used 0K [0x0000000780000000, 0x0000000786d80000, 0x00000007c0000000)
  eden space 87552K, 0% used [0x0000000780000000,0x0000000780000000,0x0000000785580000)
  from space 11264K, 0% used [0x0000000786180000,0x0000000786180000,0x0000000786c80000)
  to   space 12288K, 0% used [0x0000000785580000,0x0000000785580000,0x0000000786180000)
 ParOldGen       total 114176K, used 17522K [0x0000000700000000, 0x0000000706f80000, 0x0000000780000000)
  object space 114176K, 15% used [0x0000000700000000,0x000000070111c850,0x0000000706f80000)
 Metaspace       used 34766K, capacity 35388K, committed 35496K, reserved 1079296K
  class space    used 4908K, capacity 5090K, committed 5120K, reserved 1048576K
}
Event: 3.424 GC heap before
{Heap before GC invocations=9 (full 2):
 PSYoungGen      total 98816K, used 87552K [0x0000000780000000, 0x0000000786d80000, 0x00000007c0000000)
  eden space 87552K, 100% used [0x0000000780000000,0x0000000785580000,0x0000000785580000)
  from space 11264K, 0% used [0x0000000786180000,0x0000000786180000,0x0000000786c80000)
  to   space 12288K, 0% used [0x0000000785580000,0x0000000785580000,0x0000000786180000)
 ParOldGen       total 114176K, used 17522K [0x0000000700000000, 0x0000000706f80000, 0x0000000780000000)
  object space 114176K, 15% used [0x0000000700000000,0x000000070111c850,0x0000000706f80000)
 Metaspace       used 39533K, capacity 40318K, committed 40448K, reserved 1083392K
  class space    used 5605K, capacity 5832K, committed 5888K, reserved 1048576K
Event: 3.428 GC heap after
Heap after GC invocations=9 (full 2):
 PSYoungGen      total 99840K, used 6833K [0x0000000780000000, 0x0000000788800000, 0x00000007c0000000)
  eden space 87552K, 0% used [0x0000000780000000,0x0000000780000000,0x0000000785580000)
  from space 12288K, 55% used [0x0000000785580000,0x0000000785c2c600,0x0000000786180000)
  to   space 12288K, 0% used [0x0000000787c00000,0x0000000787c00000,0x0000000788800000)
 ParOldGen       total 114176K, used 17530K [0x0000000700000000, 0x0000000706f80000, 0x0000000780000000)
  object space 114176K, 15% used [0x0000000700000000,0x000000070111e850,0x0000000706f80000)
 Metaspace       used 39533K, capacity 40318K, committed 40448K, reserved 1083392K
  class space    used 5605K, capacity 5832K, committed 5888K, reserved 1048576K
}

