# JRE version: Java(TM) SE Runtime Environment (8.0_202-b08) (build 1.8.0_202-b08)
# Java VM: Java HotSpot(TM) 64-Bit Server VM (25.202-b08 mixed mode windows-amd64 compressed oops)
Heap:
 PSYoungGen      total 139776K, used 29970K [0x0000000780000000, 0x000000078a280000, 0x00000007c0000000)
  eden space 125440K, 23% used [0x0000000780000000,0x0000000781d448e8,0x0000000787a80000)
  from space 14336K, 0% used [0x0000000789480000,0x0000000789480000,0x000000078a280000)
  to   space 10752K, 0% used [0x0000000787a80000,0x0000000787a80000,0x0000000788500000)
 ParOldGen       total 107520K, used 15401K [0x0000000700000000, 0x0000000706900000, 0x0000000780000000)
  object space 107520K, 14% used [0x0000000700000000,0x0000000700f0a728,0x0000000706900000)
 Metaspace       used 38274K, capacity 38826K, committed 38912K, reserved 1085440K
  class space    used 5436K, capacity 5591K, committed 5632K, reserved 1048576K
GC Heap History (10 events):
Event: 1.437 GC heap before
{Heap before GC invocations=4 (full 1):
 PSYoungGen      total 75264K, used 9510K [0x0000000780000000, 0x0000000789300000, 0x00000007c0000000)
  eden space 64512K, 0% used [0x0000000780000000,0x0000000780000000,0x0000000783f00000)
  from space 10752K, 88% used [0x0000000783f00000,0x00000007848498b0,0x0000000784980000)
  to   space 10752K, 0% used [0x0000000788880000,0x0000000788880000,0x0000000789300000)
 ParOldGen       total 172032K, used 32K [0x0000000700000000, 0x000000070a800000, 0x0000000780000000)
  object space 172032K, 0% used [0x0000000700000000,0x0000000700008000,0x000000070a800000)
 Metaspace       used 20854K, capacity 21112K, committed 21296K, reserved 1067008K
  class space    used 2995K, capacity 3105K, committed 3200K, reserved 1048576K
Event: 1.456 GC heap after
Heap after GC invocations=4 (full 1):
 PSYoungGen      total 75264K, used 0K [0x0000000780000000, 0x0000000789300000, 0x00000007c0000000)
  eden space 64512K, 0% used [0x0000000780000000,0x0000000780000000,0x0000000783f00000)
  from space 10752K, 0% used [0x0000000783f00000,0x0000000783f00000,0x0000000784980000)
  to   space 10752K, 0% used [0x0000000788880000,0x0000000788880000,0x0000000789300000)
 ParOldGen       total 107520K, used 9185K [0x0000000700000000, 0x0000000706900000, 0x0000000780000000)
  object space 107520K, 8% used [0x0000000700000000,0x00000007008f8710,0x0000000706900000)
 Metaspace       used 20854K, capacity 21112K, committed 21296K, reserved 1067008K
  class space    used 2995K, capacity 3105K, committed 3200K, reserved 1048576K
}
Event: 1.928 GC heap before
{Heap before GC invocations=5 (full 1):
 PSYoungGen      total 75264K, used 64512K [0x0000000780000000, 0x0000000789300000, 0x00000007c0000000)
  eden space 64512K, 100% used [0x0000000780000000,0x0000000783f00000,0x0000000783f00000)
  from space 10752K, 0% used [0x0000000783f00000,0x0000000783f00000,0x0000000784980000)
  to   space 10752K, 0% used [0x0000000788880000,0x0000000788880000,0x0000000789300000)
 ParOldGen       total 107520K, used 9185K [0x0000000700000000, 0x0000000706900000, 0x0000000780000000)
  object space 107520K, 8% used [0x0000000700000000,0x00000007008f8710,0x0000000706900000)
 Metaspace       used 26386K, capacity 26678K, committed 26880K, reserved 1073152K
  class space    used 3675K, capacity 3803K, committed 3840K, reserved 1048576K
Event: 1.932 GC heap after
Heap after GC invocations=5 (full 1):
 PSYoungGen      total 101376K, used 6975K [0x0000000780000000, 0x0000000788f80000, 0x00000007c0000000)
  eden space 94208K, 0% used [0x0000000780000000,0x0000000780000000,0x0000000785c00000)
  from space 7168K, 97% used [0x0000000788880000,0x0000000788f4fe80,0x0000000788f80000)
  to   space 10752K, 0% used [0x0000000787a80000,0x0000000787a80000,0x0000000788500000)
 ParOldGen       total 107520K, used 9193K [0x0000000700000000, 0x0000000706900000, 0x0000000780000000)
  object space 107520K, 8% used [0x0000000700000000,0x00000007008fa710,0x0000000706900000)
 Metaspace       used 26386K, capacity 26678K, committed 26880K, reserved 1073152K
  class space    used 3675K, capacity 3803K, committed 3840K, reserved 1048576K
}
Event: 2.883 GC heap before
{Heap before GC invocations=6 (full 1):
 PSYoungGen      total 101376K, used 101183K [0x0000000780000000, 0x0000000788f80000, 0x00000007c0000000)
  eden space 94208K, 100% used [0x0000000780000000,0x0000000785c00000,0x0000000785c00000)
  from space 7168K, 97% used [0x0000000788880000,0x0000000788f4fe80,0x0000000788f80000)
  to   space 10752K, 0% used [0x0000000787a80000,0x0000000787a80000,0x0000000788500000)
 ParOldGen       total 107520K, used 9193K [0x0000000700000000, 0x0000000706900000, 0x0000000780000000)
  object space 107520K, 8% used [0x0000000700000000,0x00000007008fa710,0x0000000706900000)
 Metaspace       used 33784K, capacity 34392K, committed 34688K, reserved 1079296K
  class space    used 4703K, capacity 4892K, committed 4992K, reserved 1048576K
Event: 2.894 GC heap after
Heap after GC invocations=6 (full 1):
 PSYoungGen      total 136192K, used 10721K [0x0000000780000000, 0x000000078a280000, 0x00000007c0000000)
  eden space 125440K, 0% used [0x0000000780000000,0x0000000780000000,0x0000000787a80000)
  from space 10752K, 99% used [0x0000000787a80000,0x00000007884f84d0,0x0000000788500000)
  to   space 14336K, 0% used [0x0000000789480000,0x0000000789480000,0x000000078a280000)
 ParOldGen       total 107520K, used 11723K [0x0000000700000000, 0x0000000706900000, 0x0000000780000000)
  object space 107520K, 10% used [0x0000000700000000,0x0000000700b72f60,0x0000000706900000)
 Metaspace       used 33784K, capacity 34392K, committed 34688K, reserved 1079296K
  class space    used 4703K, capacity 4892K, committed 4992K, reserved 1048576K
}
Event: 2.967 GC heap before
{Heap before GC invocations=7 (full 1):
 PSYoungGen      total 136192K, used 24891K [0x0000000780000000, 0x000000078a280000, 0x00000007c0000000)
  eden space 125440K, 11% used [0x0000000780000000,0x0000000780dd67c0,0x0000000787a80000)
  from space 10752K, 99% used [0x0000000787a80000,0x00000007884f84d0,0x0000000788500000)
  to   space 14336K, 0% used [0x0000000789480000,0x0000000789480000,0x000000078a280000)
 ParOldGen       total 107520K, used 11723K [0x0000000700000000, 0x0000000706900000, 0x0000000780000000)
  object space 107520K, 10% used [0x0000000700000000,0x0000000700b72f60,0x0000000706900000)
 Metaspace       used 34768K, capacity 35388K, committed 35496K, reserved 1079296K
  class space    used 4911K, capacity 5090K, committed 5120K, reserved 1048576K
Event: 2.971 GC heap after
Heap after GC invocations=7 (full 1):
 PSYoungGen      total 139776K, used 8848K [0x0000000780000000, 0x000000078a280000, 0x00000007c0000000)
  eden space 125440K, 0% used [0x0000000780000000,0x0000000780000000,0x0000000787a80000)
  from space 14336K, 61% used [0x0000000789480000,0x0000000789d24388,0x000000078a280000)
  to   space 10752K, 0% used [0x0000000787a80000,0x0000000787a80000,0x0000000788500000)
 ParOldGen       total 107520K, used 11731K [0x0000000700000000, 0x0000000706900000, 0x0000000780000000)
  object space 107520K, 10% used [0x0000000700000000,0x0000000700b74f60,0x0000000706900000)
 Metaspace       used 34768K, capacity 35388K, committed 35496K, reserved 1079296K
  class space    used 4911K, capacity 5090K, committed 5120K, reserved 1048576K
}
Event: 2.971 GC heap before
{Heap before GC invocations=8 (full 2):
 PSYoungGen      total 139776K, used 8848K [0x0000000780000000, 0x000000078a280000, 0x00000007c0000000)
  eden space 125440K, 0% used [0x0000000780000000,0x0000000780000000,0x0000000787a80000)
  from space 14336K, 61% used [0x0000000789480000,0x0000000789d24388,0x000000078a280000)
  to   space 10752K, 0% used [0x0000000787a80000,0x0000000787a80000,0x0000000788500000)
 ParOldGen       total 107520K, used 11731K [0x0000000700000000, 0x0000000706900000, 0x0000000780000000)
  object space 107520K, 10% used [0x0000000700000000,0x0000000700b74f60,0x0000000706900000)
 Metaspace       used 34768K, capacity 35388K, committed 35496K, reserved 1079296K
  class space    used 4911K, capacity 5090K, committed 5120K, reserved 1048576K
Event: 2.997 GC heap after
Heap after GC invocations=8 (full 2):
 PSYoungGen      total 139776K, used 0K [0x0000000780000000, 0x000000078a280000, 0x00000007c0000000)
  eden space 125440K, 0% used [0x0000000780000000,0x0000000780000000,0x0000000787a80000)
  from space 14336K, 0% used [0x0000000789480000,0x0000000789480000,0x000000078a280000)
  to   space 10752K, 0% used [0x0000000787a80000,0x0000000787a80000,0x0000000788500000)
 ParOldGen       total 107520K, used 15401K [0x0000000700000000, 0x0000000706900000, 0x0000000780000000)
  object space 107520K, 14% used [0x0000000700000000,0x0000000700f0a728,0x0000000706900000)
 Metaspace       used 34768K, capacity 35388K, committed 35496K, reserved 1079296K
  class space    used 4911K, capacity 5090K, committed 5120K, reserved 1048576K
}

